1660752985087	geckodriver	INFO	Listening on 127.0.0.1:50926
1660752988170	mozrunner::runner	INFO	Running command: "C:\\Program Files\\Mozilla Firefox\\firefox.exe" "--marionette" "--remote-debugging-port" "50927" "--remote-allow-hosts" "localhost" "-no-remote" "-profile" "C:\\Users\\ESCRIT~1\\AppData\\Local\\Temp\\rust_mozprofilegBgd3B"
1660752988504	Marionette	INFO	Marionette enabled
1660752988509	Marionette	INFO	Listening on port 50937
WebDriver BiDi listening on ws://localhost:50927
Read port: 50937
1660752988650	RemoteAgent	WARN	TLS certificate errors will be ignored for this session
console.warn: SearchSettings: "get: No settings file exists, new profile?" (new NotFoundError("Could not open the file at C:\\Users\\ESCRIT~1\\AppData\\Local\\Temp\\rust_mozprofilegBgd3B\\search.json.mozlz4", (void 0)))
DevTools listening on ws://localhost:50927/devtools/browser/e33e7993-23f8-48f4-836b-e119ca20c19e
JavaScript error: https://media.ethicalads.io/media/client/v1.4.0/ethicalads.min.js, line 1: Error: No ad placements found.
JavaScript error: resource:///actors/FormValidationChild.jsm, line 184: TypeError: this._element is null
console.warn: LoginRecipes: "getRecipes: falling back to a synchronous message for:" "https://www.python.org"
1660752991404	Marionette	INFO	Stopped listening on port 50937
1660753065773	geckodriver	INFO	Listening on 127.0.0.1:50990
1660753068856	mozrunner::runner	INFO	Running command: "C:\\Program Files\\Mozilla Firefox\\firefox.exe" "--marionette" "--remote-debugging-port" "50991" "--remote-allow-hosts" "localhost" "-no-remote" "-profile" "C:\\Users\\ESCRIT~1\\AppData\\Local\\Temp\\rust_mozprofilexpJwqf"
1660753069241	Marionette	INFO	Marionette enabled
1660753069245	Marionette	INFO	Listening on port 51002
WebDriver BiDi listening on ws://localhost:50991
Read port: 51002
1660753069377	RemoteAgent	WARN	TLS certificate errors will be ignored for this session
console.warn: SearchSettings: "get: No settings file exists, new profile?" (new NotFoundError("Could not open the file at C:\\Users\\ESCRIT~1\\AppData\\Local\\Temp\\rust_mozprofilexpJwqf\\search.json.mozlz4", (void 0)))
DevTools listening on ws://localhost:50991/devtools/browser/bb85971a-9bc9-4d92-adf7-67a71f5908d4
1660753070741	Marionette	INFO	Stopped listening on port 51002
1660753099955	geckodriver	INFO	Listening on 127.0.0.1:51027
1660753103009	mozrunner::runner	INFO	Running command: "C:\\Program Files\\Mozilla Firefox\\firefox.exe" "--marionette" "--remote-debugging-port" "51028" "--remote-allow-hosts" "localhost" "-no-remote" "-profile" "C:\\Users\\ESCRIT~1\\AppData\\Local\\Temp\\rust_mozprofilebhIj4A"
1660753103278	Marionette	INFO	Marionette enabled
1660753103282	Marionette	INFO	Listening on port 51040
WebDriver BiDi listening on ws://localhost:51028
Read port: 51040
1660753103424	RemoteAgent	WARN	TLS certificate errors will be ignored for this session
console.warn: SearchSettings: "get: No settings file exists, new profile?" (new NotFoundError("Could not open the file at C:\\Users\\ESCRIT~1\\AppData\\Local\\Temp\\rust_mozprofilebhIj4A\\search.json.mozlz4", (void 0)))
DevTools listening on ws://localhost:51028/devtools/browser/1f03fa10-28e1-4cb5-b1ce-272b77f62290
1660753114799	Marionette	INFO	Stopped listening on port 51040
1660753175396	geckodriver	INFO	Listening on 127.0.0.1:51092
1660753178467	mozrunner::runner	INFO	Running command: "C:\\Program Files\\Mozilla Firefox\\firefox.exe" "--marionette" "--remote-debugging-port" "51093" "--remote-allow-hosts" "localhost" "-no-remote" "-profile" "C:\\Users\\ESCRIT~1\\AppData\\Local\\Temp\\rust_mozprofileim6Itr"
1660753178747	Marionette	INFO	Marionette enabled
1660753178751	Marionette	INFO	Listening on port 51104
WebDriver BiDi listening on ws://localhost:51093
Read port: 51104
1660753178875	RemoteAgent	WARN	TLS certificate errors will be ignored for this session
console.warn: SearchSettings: "get: No settings file exists, new profile?" (new NotFoundError("Could not open the file at C:\\Users\\ESCRIT~1\\AppData\\Local\\Temp\\rust_mozprofileim6Itr\\search.json.mozlz4", (void 0)))
DevTools listening on ws://localhost:51093/devtools/browser/9e564223-6c38-4ade-bbf3-77b8847da91a
1660753187878	Marionette	INFO	Stopped listening on port 51104
console.warn: TopSitesFeed: Failed to fetch data from Contile server: NetworkError when attempting to fetch resource.
1660753347019	geckodriver	INFO	Listening on 127.0.0.1:51171
1660753350085	mozrunner::runner	INFO	Running command: "C:\\Program Files\\Mozilla Firefox\\firefox.exe" "--marionette" "--remote-debugging-port" "51172" "--remote-allow-hosts" "localhost" "-no-remote" "-profile" "C:\\Users\\ESCRIT~1\\AppData\\Local\\Temp\\rust_mozprofile94Cr0A"
1660753350357	Marionette	INFO	Marionette enabled
1660753350361	Marionette	INFO	Listening on port 51183
WebDriver BiDi listening on ws://localhost:51172
Read port: 51183
1660753350494	RemoteAgent	WARN	TLS certificate errors will be ignored for this session
console.warn: SearchSettings: "get: No settings file exists, new profile?" (new NotFoundError("Could not open the file at C:\\Users\\ESCRIT~1\\AppData\\Local\\Temp\\rust_mozprofile94Cr0A\\search.json.mozlz4", (void 0)))
DevTools listening on ws://localhost:51172/devtools/browser/12aac89e-fcb3-47cf-8945-685d8900a694
JavaScript error: resource://gre/modules/AsyncShutdown.jsm, line 577: NotFoundError: No such JSWindowActor 'DevToolsFrame'
JavaScript error: resource://gre/modules/AsyncShutdown.jsm, line 577: NotFoundError: No such JSWindowActor 'DevToolsFrame'
JavaScript error: resource://gre/modules/AsyncShutdown.jsm, line 577: NotFoundError: No such JSWindowActor 'DevToolsFrame'
1660753378851	Marionette	INFO	Stopped listening on port 51183
1660753421523	geckodriver	INFO	Listening on 127.0.0.1:51230
1660753424599	mozrunner::runner	INFO	Running command: "C:\\Program Files\\Mozilla Firefox\\firefox.exe" "--marionette" "--remote-debugging-port" "51231" "--remote-allow-hosts" "localhost" "-no-remote" "-profile" "C:\\Users\\ESCRIT~1\\AppData\\Local\\Temp\\rust_mozprofileVbNKZ4"
1660753424881	Marionette	INFO	Marionette enabled
1660753424885	Marionette	INFO	Listening on port 51242
WebDriver BiDi listening on ws://localhost:51231
Read port: 51242
1660753425008	RemoteAgent	WARN	TLS certificate errors will be ignored for this session
console.warn: SearchSettings: "get: No settings file exists, new profile?" (new NotFoundError("Could not open the file at C:\\Users\\ESCRIT~1\\AppData\\Local\\Temp\\rust_mozprofileVbNKZ4\\search.json.mozlz4", (void 0)))
DevTools listening on ws://localhost:51231/devtools/browser/66f65204-686d-41c6-b0d3-2ff585bd8499
JavaScript warning: https://pje1g.trf3.jus.br/pje/a4j/g/3_3_3.Final/org/ajax4jsf/framework.pack.js, line 5514: unreachable code after return statement
JavaScript warning: https://pje1g.trf3.jus.br/pje/a4j/g/3_3_3.Final/org/richfaces/ui.pack.js, line 12202: unreachable code after return statement
1660753438378	Marionette	INFO	Stopped listening on port 51242
1660753640330	geckodriver	INFO	Listening on 127.0.0.1:51343
1660753643407	mozrunner::runner	INFO	Running command: "C:\\Program Files\\Mozilla Firefox\\firefox.exe" "--marionette" "--remote-debugging-port" "51344" "--remote-allow-hosts" "localhost" "-no-remote" "-profile" "C:\\Users\\ESCRIT~1\\AppData\\Local\\Temp\\rust_mozprofile4kFPT1"
1660753643684	Marionette	INFO	Marionette enabled
1660753643688	Marionette	INFO	Listening on port 51354
WebDriver BiDi listening on ws://localhost:51344
Read port: 51354
1660753643814	RemoteAgent	WARN	TLS certificate errors will be ignored for this session
console.warn: SearchSettings: "get: No settings file exists, new profile?" (new NotFoundError("Could not open the file at C:\\Users\\ESCRIT~1\\AppData\\Local\\Temp\\rust_mozprofile4kFPT1\\search.json.mozlz4", (void 0)))
DevTools listening on ws://localhost:51344/devtools/browser/84e0d1d9-545e-41ad-ae83-9b0f5eeb8e19
JavaScript warning: https://pje1g.trf3.jus.br/pje/a4j/g/3_3_3.Final/org/ajax4jsf/framework.pack.js, line 5514: unreachable code after return statement
JavaScript warning: https://pje1g.trf3.jus.br/pje/a4j/g/3_3_3.Final/org/richfaces/ui.pack.js, line 12202: unreachable code after return statement
1660753657349	Marionette	INFO	Stopped listening on port 51354
1660753672937	geckodriver	INFO	Listening on 127.0.0.1:51402
1660753675979	mozrunner::runner	INFO	Running command: "C:\\Program Files\\Mozilla Firefox\\firefox.exe" "--marionette" "--remote-debugging-port" "51403" "--remote-allow-hosts" "localhost" "-no-remote" "-profile" "C:\\Users\\ESCRIT~1\\AppData\\Local\\Temp\\rust_mozprofile2iq5mr"
1660753676253	Marionette	INFO	Marionette enabled
1660753676257	Marionette	INFO	Listening on port 51413
WebDriver BiDi listening on ws://localhost:51403
Read port: 51413
1660753676392	RemoteAgent	WARN	TLS certificate errors will be ignored for this session
console.warn: SearchSettings: "get: No settings file exists, new profile?" (new NotFoundError("Could not open the file at C:\\Users\\ESCRIT~1\\AppData\\Local\\Temp\\rust_mozprofile2iq5mr\\search.json.mozlz4", (void 0)))
DevTools listening on ws://localhost:51403/devtools/browser/efd2bf82-4214-415f-b9f0-476f5a7d5231
JavaScript warning: https://pje1g.trf3.jus.br/pje/a4j/g/3_3_3.Final/org/ajax4jsf/framework.pack.js, line 5514: unreachable code after return statement
JavaScript warning: https://pje1g.trf3.jus.br/pje/a4j/g/3_3_3.Final/org/richfaces/ui.pack.js, line 12202: unreachable code after return statement
1660753684677	Marionette	INFO	Stopped listening on port 51413
1660753756237	geckodriver	INFO	Listening on 127.0.0.1:51461
1660753759290	mozrunner::runner	INFO	Running command: "C:\\Program Files\\Mozilla Firefox\\firefox.exe" "--marionette" "--remote-debugging-port" "51462" "--remote-allow-hosts" "localhost" "-no-remote" "-profile" "C:\\Users\\ESCRIT~1\\AppData\\Local\\Temp\\rust_mozprofilewTd4mk"
1660753759559	Marionette	INFO	Marionette enabled
1660753759563	Marionette	INFO	Listening on port 51472
WebDriver BiDi listening on ws://localhost:51462
Read port: 51472
1660753759693	RemoteAgent	WARN	TLS certificate errors will be ignored for this session
console.warn: SearchSettings: "get: No settings file exists, new profile?" (new NotFoundError("Could not open the file at C:\\Users\\ESCRIT~1\\AppData\\Local\\Temp\\rust_mozprofilewTd4mk\\search.json.mozlz4", (void 0)))
DevTools listening on ws://localhost:51462/devtools/browser/4a7236c0-16e4-4244-b4c9-0a791349a604
JavaScript warning: https://pje1g.trf3.jus.br/pje/a4j/g/3_3_3.Final/org/ajax4jsf/framework.pack.js, line 5514: unreachable code after return statement
JavaScript warning: https://pje1g.trf3.jus.br/pje/a4j/g/3_3_3.Final/org/richfaces/ui.pack.js, line 12202: unreachable code after return statement
1660753762984	Marionette	INFO	Stopped listening on port 51472
JavaScript error: resource://gre/modules/UrlClassifierListManager.jsm, line 694: TypeError: this.tablesData[table] is undefined
1660754046983	geckodriver	INFO	Listening on 127.0.0.1:51571
1660754050081	mozrunner::runner	INFO	Running command: "C:\\Program Files\\Mozilla Firefox\\firefox.exe" "--marionette" "--remote-debugging-port" "51572" "--remote-allow-hosts" "localhost" "-no-remote" "-profile" "C:\\Users\\ESCRIT~1\\AppData\\Local\\Temp\\rust_mozprofilej1KReh"
1660754050358	Marionette	INFO	Marionette enabled
1660754050362	Marionette	INFO	Listening on port 51583
WebDriver BiDi listening on ws://localhost:51572
Read port: 51583
1660754050493	RemoteAgent	WARN	TLS certificate errors will be ignored for this session
console.warn: SearchSettings: "get: No settings file exists, new profile?" (new NotFoundError("Could not open the file at C:\\Users\\ESCRIT~1\\AppData\\Local\\Temp\\rust_mozprofilej1KReh\\search.json.mozlz4", (void 0)))
DevTools listening on ws://localhost:51572/devtools/browser/84ab21ed-5031-42a3-860d-b2ae1f3989ee
JavaScript warning: https://pje1g.trf3.jus.br/pje/a4j/g/3_3_3.Final/org/ajax4jsf/framework.pack.js, line 5514: unreachable code after return statement
JavaScript warning: https://pje1g.trf3.jus.br/pje/a4j/g/3_3_3.Final/org/richfaces/ui.pack.js, line 12202: unreachable code after return statement
1660754054277	Marionette	INFO	Stopped listening on port 51583
JavaScript error: resource://gre/modules/Sqlite.jsm, line 765: Error: Connection closed before committing the transaction.
1660754153575	geckodriver	INFO	Listening on 127.0.0.1:51638
1660754156651	mozrunner::runner	INFO	Running command: "C:\\Program Files\\Mozilla Firefox\\firefox.exe" "--marionette" "--remote-debugging-port" "51639" "--remote-allow-hosts" "localhost" "-no-remote" "-profile" "C:\\Users\\ESCRIT~1\\AppData\\Local\\Temp\\rust_mozprofiletJXoxc"
1660754156942	Marionette	INFO	Marionette enabled
1660754156946	Marionette	INFO	Listening on port 51650
WebDriver BiDi listening on ws://localhost:51639
Read port: 51650
1660754157070	RemoteAgent	WARN	TLS certificate errors will be ignored for this session
console.warn: SearchSettings: "get: No settings file exists, new profile?" (new NotFoundError("Could not open the file at C:\\Users\\ESCRIT~1\\AppData\\Local\\Temp\\rust_mozprofiletJXoxc\\search.json.mozlz4", (void 0)))
DevTools listening on ws://localhost:51639/devtools/browser/936981d8-7b43-4608-919b-06ec35fa33ca
JavaScript warning: https://pje1g.trf3.jus.br/pje/a4j/g/3_3_3.Final/org/ajax4jsf/framework.pack.js, line 5514: unreachable code after return statement
JavaScript warning: https://pje1g.trf3.jus.br/pje/a4j/g/3_3_3.Final/org/richfaces/ui.pack.js, line 12202: unreachable code after return statement
JavaScript warning: https://pje1g.trf3.jus.br/pje/ConsultaPublica/listView.seam, line 1: unreachable code after return statement
JavaScript error: https://pje1g.trf3.jus.br/pje/js/bootstrap/bootstrap.min.js, line 6: Error: Bootstrap's JavaScript requires jQuery version 1.9.1 or higher
1660754166009	Marionette	INFO	Stopped listening on port 51650
1660754195583	geckodriver	INFO	Listening on 127.0.0.1:51695
1660754198656	mozrunner::runner	INFO	Running command: "C:\\Program Files\\Mozilla Firefox\\firefox.exe" "--marionette" "--remote-debugging-port" "51696" "--remote-allow-hosts" "localhost" "-no-remote" "-profile" "C:\\Users\\ESCRIT~1\\AppData\\Local\\Temp\\rust_mozprofileici5lK"
1660754198919	Marionette	INFO	Marionette enabled
1660754198923	Marionette	INFO	Listening on port 51706
WebDriver BiDi listening on ws://localhost:51696
Read port: 51706
1660754199050	RemoteAgent	WARN	TLS certificate errors will be ignored for this session
console.warn: SearchSettings: "get: No settings file exists, new profile?" (new NotFoundError("Could not open the file at C:\\Users\\ESCRIT~1\\AppData\\Local\\Temp\\rust_mozprofileici5lK\\search.json.mozlz4", (void 0)))
DevTools listening on ws://localhost:51696/devtools/browser/926542bd-cb7a-47e8-b458-ff3797a44816
JavaScript warning: https://pje1g.trf3.jus.br/pje/a4j/g/3_3_3.Final/org/ajax4jsf/framework.pack.js, line 5514: unreachable code after return statement
JavaScript warning: https://pje1g.trf3.jus.br/pje/a4j/g/3_3_3.Final/org/richfaces/ui.pack.js, line 12202: unreachable code after return statement
JavaScript warning: https://pje1g.trf3.jus.br/pje/ConsultaPublica/listView.seam, line 1: unreachable code after return statement
JavaScript error: https://pje1g.trf3.jus.br/pje/js/bootstrap/bootstrap.min.js, line 6: Error: Bootstrap's JavaScript requires jQuery version 1.9.1 or higher
JavaScript error: https://pje1g.trf3.jus.br/pje/js/global.js?v=20220316, line 34: TypeError: $(...).tooltip is not a function
1660754208121	Marionette	INFO	Stopped listening on port 51706
1660754230739	geckodriver	INFO	Listening on 127.0.0.1:51751
1660754233788	mozrunner::runner	INFO	Running command: "C:\\Program Files\\Mozilla Firefox\\firefox.exe" "--marionette" "--remote-debugging-port" "51752" "--remote-allow-hosts" "localhost" "-no-remote" "-profile" "C:\\Users\\ESCRIT~1\\AppData\\Local\\Temp\\rust_mozprofile8pQo1X"
1660754234053	Marionette	INFO	Marionette enabled
1660754234056	Marionette	INFO	Listening on port 51762
WebDriver BiDi listening on ws://localhost:51752
Read port: 51762
1660754234196	RemoteAgent	WARN	TLS certificate errors will be ignored for this session
console.warn: SearchSettings: "get: No settings file exists, new profile?" (new NotFoundError("Could not open the file at C:\\Users\\ESCRIT~1\\AppData\\Local\\Temp\\rust_mozprofile8pQo1X\\search.json.mozlz4", (void 0)))
DevTools listening on ws://localhost:51752/devtools/browser/216e8429-c3ec-486e-8dfb-cf22798b8711
JavaScript warning: https://pje1g.trf3.jus.br/pje/a4j/g/3_3_3.Final/org/ajax4jsf/framework.pack.js, line 5514: unreachable code after return statement
JavaScript warning: https://pje1g.trf3.jus.br/pje/a4j/g/3_3_3.Final/org/richfaces/ui.pack.js, line 12202: unreachable code after return statement
JavaScript warning: https://pje1g.trf3.jus.br/pje/ConsultaPublica/listView.seam, line 1: unreachable code after return statement
1660754243210	Marionette	INFO	Stopped listening on port 51762
1660754253521	geckodriver	INFO	Listening on 127.0.0.1:51804
1660754256613	mozrunner::runner	INFO	Running command: "C:\\Program Files\\Mozilla Firefox\\firefox.exe" "--marionette" "--remote-debugging-port" "51805" "--remote-allow-hosts" "localhost" "-no-remote" "-profile" "C:\\Users\\ESCRIT~1\\AppData\\Local\\Temp\\rust_mozprofileIrnQLj"
1660754256868	Marionette	INFO	Marionette enabled
1660754256871	Marionette	INFO	Listening on port 51815
WebDriver BiDi listening on ws://localhost:51805
Read port: 51815
1660754256993	RemoteAgent	WARN	TLS certificate errors will be ignored for this session
console.warn: SearchSettings: "get: No settings file exists, new profile?" (new NotFoundError("Could not open the file at C:\\Users\\ESCRIT~1\\AppData\\Local\\Temp\\rust_mozprofileIrnQLj\\search.json.mozlz4", (void 0)))
DevTools listening on ws://localhost:51805/devtools/browser/e81f6da5-7902-46fd-bb55-ed89f761368e
JavaScript warning: https://pje1g.trf3.jus.br/pje/a4j/g/3_3_3.Final/org/ajax4jsf/framework.pack.js, line 5514: unreachable code after return statement
JavaScript warning: https://pje1g.trf3.jus.br/pje/a4j/g/3_3_3.Final/org/richfaces/ui.pack.js, line 12202: unreachable code after return statement
JavaScript warning: https://pje1g.trf3.jus.br/pje/ConsultaPublica/listView.seam, line 1: unreachable code after return statement
1660754266228	Marionette	INFO	Stopped listening on port 51815
1660754348518	geckodriver	INFO	Listening on 127.0.0.1:51864
1660754351592	mozrunner::runner	INFO	Running command: "C:\\Program Files\\Mozilla Firefox\\firefox.exe" "--marionette" "--remote-debugging-port" "51865" "--remote-allow-hosts" "localhost" "-no-remote" "-profile" "C:\\Users\\ESCRIT~1\\AppData\\Local\\Temp\\rust_mozprofilekvGDOb"
1660754351869	Marionette	INFO	Marionette enabled
1660754351873	Marionette	INFO	Listening on port 51875
WebDriver BiDi listening on ws://localhost:51865
Read port: 51875
1660754352002	RemoteAgent	WARN	TLS certificate errors will be ignored for this session
console.warn: SearchSettings: "get: No settings file exists, new profile?" (new NotFoundError("Could not open the file at C:\\Users\\ESCRIT~1\\AppData\\Local\\Temp\\rust_mozprofilekvGDOb\\search.json.mozlz4", (void 0)))
DevTools listening on ws://localhost:51865/devtools/browser/c70bba29-2252-4312-948d-61c92d1140f2
JavaScript warning: https://pje1g.trf3.jus.br/pje/a4j/g/3_3_3.Final/org/ajax4jsf/framework.pack.js, line 5514: unreachable code after return statement
JavaScript warning: https://pje1g.trf3.jus.br/pje/a4j/g/3_3_3.Final/org/richfaces/ui.pack.js, line 12202: unreachable code after return statement
JavaScript warning: https://pje1g.trf3.jus.br/pje/ConsultaPublica/listView.seam, line 1: unreachable code after return statement
1660754356107	Marionette	INFO	Stopped listening on port 51875
1660754391748	geckodriver	INFO	Listening on 127.0.0.1:51922
1660754394800	mozrunner::runner	INFO	Running command: "C:\\Program Files\\Mozilla Firefox\\firefox.exe" "--marionette" "--remote-debugging-port" "51923" "--remote-allow-hosts" "localhost" "-no-remote" "-profile" "C:\\Users\\ESCRIT~1\\AppData\\Local\\Temp\\rust_mozprofilebvrhnn"
1660754395118	Marionette	INFO	Marionette enabled
1660754395122	Marionette	INFO	Listening on port 51933
Read port: 51933
WebDriver BiDi listening on ws://localhost:51923
1660754395253	RemoteAgent	WARN	TLS certificate errors will be ignored for this session
console.warn: SearchSettings: "get: No settings file exists, new profile?" (new NotFoundError("Could not open the file at C:\\Users\\ESCRIT~1\\AppData\\Local\\Temp\\rust_mozprofilebvrhnn\\search.json.mozlz4", (void 0)))
DevTools listening on ws://localhost:51923/devtools/browser/ded4d367-481f-4a41-bf0e-cdd50ee86b58
JavaScript warning: https://pje1g.trf3.jus.br/pje/a4j/g/3_3_3.Final/org/ajax4jsf/framework.pack.js, line 5514: unreachable code after return statement
JavaScript warning: https://pje1g.trf3.jus.br/pje/a4j/g/3_3_3.Final/org/richfaces/ui.pack.js, line 12202: unreachable code after return statement
JavaScript warning: https://pje1g.trf3.jus.br/pje/ConsultaPublica/listView.seam, line 1: unreachable code after return statement
1660754444676	geckodriver	INFO	Listening on 127.0.0.1:51982
1660754447741	mozrunner::runner	INFO	Running command: "C:\\Program Files\\Mozilla Firefox\\firefox.exe" "--marionette" "--remote-debugging-port" "51983" "--remote-allow-hosts" "localhost" "-no-remote" "-profile" "C:\\Users\\ESCRIT~1\\AppData\\Local\\Temp\\rust_mozprofileVy4Bgs"
1660754448034	Marionette	INFO	Marionette enabled
1660754448038	Marionette	INFO	Listening on port 51994
WebDriver BiDi listening on ws://localhost:51983
Read port: 51994
1660754448160	RemoteAgent	WARN	TLS certificate errors will be ignored for this session
console.warn: SearchSettings: "get: No settings file exists, new profile?" (new NotFoundError("Could not open the file at C:\\Users\\ESCRIT~1\\AppData\\Local\\Temp\\rust_mozprofileVy4Bgs\\search.json.mozlz4", (void 0)))
DevTools listening on ws://localhost:51983/devtools/browser/e36428a6-41a5-4c78-b2e0-3023e3a352b2
JavaScript warning: https://pje1g.trf3.jus.br/pje/a4j/g/3_3_3.Final/org/ajax4jsf/framework.pack.js, line 5514: unreachable code after return statement
JavaScript warning: https://pje1g.trf3.jus.br/pje/a4j/g/3_3_3.Final/org/richfaces/ui.pack.js, line 12202: unreachable code after return statement
JavaScript warning: https://pje1g.trf3.jus.br/pje/ConsultaPublica/listView.seam, line 1: unreachable code after return statement
1660754503093	geckodriver	INFO	Listening on 127.0.0.1:52041
1660754506147	mozrunner::runner	INFO	Running command: "C:\\Program Files\\Mozilla Firefox\\firefox.exe" "--marionette" "--remote-debugging-port" "52042" "--remote-allow-hosts" "localhost" "-no-remote" "-profile" "C:\\Users\\ESCRIT~1\\AppData\\Local\\Temp\\rust_mozprofileVNq7YI"
1660754506415	Marionette	INFO	Marionette enabled
1660754506419	Marionette	INFO	Listening on port 52052
WebDriver BiDi listening on ws://localhost:52042
Read port: 52052
1660754506556	RemoteAgent	WARN	TLS certificate errors will be ignored for this session
console.warn: SearchSettings: "get: No settings file exists, new profile?" (new NotFoundError("Could not open the file at C:\\Users\\ESCRIT~1\\AppData\\Local\\Temp\\rust_mozprofileVNq7YI\\search.json.mozlz4", (void 0)))
DevTools listening on ws://localhost:52042/devtools/browser/3e425dda-1d7a-48fa-869f-88451abb1396
JavaScript warning: https://pje1g.trf3.jus.br/pje/a4j/g/3_3_3.Final/org/ajax4jsf/framework.pack.js, line 5514: unreachable code after return statement
JavaScript warning: https://pje1g.trf3.jus.br/pje/a4j/g/3_3_3.Final/org/richfaces/ui.pack.js, line 12202: unreachable code after return statement
JavaScript warning: https://pje1g.trf3.jus.br/pje/ConsultaPublica/listView.seam, line 1: unreachable code after return statement
1660754980634	geckodriver	INFO	Listening on 127.0.0.1:52227
1660754983742	mozrunner::runner	INFO	Running command: "C:\\Program Files\\Mozilla Firefox\\firefox.exe" "--marionette" "--remote-debugging-port" "52228" "--remote-allow-hosts" "localhost" "-no-remote" "-profile" "C:\\Users\\ESCRIT~1\\AppData\\Local\\Temp\\rust_mozprofilee1c3tx"
1660754984059	Marionette	INFO	Marionette enabled
1660754984063	Marionette	INFO	Listening on port 52241
WebDriver BiDi listening on ws://localhost:52228
Read port: 52241
1660754984182	RemoteAgent	WARN	TLS certificate errors will be ignored for this session
console.warn: SearchSettings: "get: No settings file exists, new profile?" (new NotFoundError("Could not open the file at C:\\Users\\ESCRIT~1\\AppData\\Local\\Temp\\rust_mozprofilee1c3tx\\search.json.mozlz4", (void 0)))
DevTools listening on ws://localhost:52228/devtools/browser/08ec3c55-5850-4219-9d01-218dc794da6f
JavaScript warning: https://pje1g.trf3.jus.br/pje/a4j/g/3_3_3.Final/org/ajax4jsf/framework.pack.js, line 5514: unreachable code after return statement
JavaScript warning: https://pje1g.trf3.jus.br/pje/a4j/g/3_3_3.Final/org/richfaces/ui.pack.js, line 12202: unreachable code after return statement
JavaScript warning: https://pje1g.trf3.jus.br/pje/ConsultaPublica/listView.seam, line 1: unreachable code after return statement
1660755000385	Marionette	INFO	Stopped listening on port 52241
console.warn: TopSitesFeed: Failed to fetch data from Contile server: NetworkError when attempting to fetch resource.
1660755131687	geckodriver	INFO	Listening on 127.0.0.1:52309
1660755157922	mozrunner::runner	INFO	Running command: "C:\\Program Files\\Mozilla Firefox\\firefox.exe" "--marionette" "--remote-debugging-port" "52310" "--remote-allow-hosts" "localhost" "-no-remote" "-profile" "C:\\Users\\ESCRIT~1\\AppData\\Local\\Temp\\rust_mozprofilejg5oum"
1660755158509	Marionette	INFO	Marionette enabled
1660755158532	Marionette	INFO	Listening on port 52320
WebDriver BiDi listening on ws://localhost:52310
Read port: 52320
1660755158674	RemoteAgent	WARN	TLS certificate errors will be ignored for this session
DevTools listening on ws://localhost:52310/devtools/browser/2f1eb78d-7c3f-4467-b325-5678234b3b5c
JavaScript error: resource://gre/modules/ExtensionContent.jsm, line 581: TypeError: PrecompiledScript.executeInGlobal: Argument 1 is not an object.
JavaScript error: resource://gre/modules/ExtensionContent.jsm, line 581: TypeError: PrecompiledScript.executeInGlobal: Argument 1 is not an object.
JavaScript error: resource://gre/modules/ExtensionContent.jsm, line 581: TypeError: PrecompiledScript.executeInGlobal: Argument 1 is not an object.
JavaScript warning: https://pje1g.trf3.jus.br/pje/a4j/g/3_3_3.Final/org/ajax4jsf/framework.pack.js, line 5514: unreachable code after return statement
JavaScript warning: https://pje1g.trf3.jus.br/pje/a4j/g/3_3_3.Final/org/richfaces/ui.pack.js, line 12202: unreachable code after return statement
1660755162004	Marionette	WARN	TimedPromise timed out after 500 ms: stacktrace:
TimedPromise/<@chrome://remote/content/marionette/sync.js:237:24
TimedPromise@chrome://remote/content/marionette/sync.js:222:10
interaction.flushEventLoop@chrome://remote/content/marionette/interaction.js:431:10
webdriverClickElement@chrome://remote/content/marionette/interaction.js:179:31
JavaScript warning: https://pje1g.trf3.jus.br/pje/ConsultaPublica/listView.seam, line 1: unreachable code after return statement
1660755162746	Marionette	WARN	TimedPromise timed out after 500 ms: stacktrace:
TimedPromise/<@chrome://remote/content/marionette/sync.js:237:24
TimedPromise@chrome://remote/content/marionette/sync.js:222:10
interaction.flushEventLoop@chrome://remote/content/marionette/interaction.js:431:10
webdriverClickElement@chrome://remote/content/marionette/interaction.js:179:31
JavaScript error: https://pje1g.trf3.jus.br/pje/js/bootstrap/bootstrap.min.js, line 6: Error: Bootstrap's JavaScript requires jQuery version 1.9.1 or higher
1660755167581	Marionette	INFO	Stopped listening on port 52320
JavaScript error: https://pje1g.trf3.jus.br/pje/js/global.js?v=20220316, line 34: TypeError: $(...).tooltip is not a function
